172 
2 28 496 
2 35 493 
2 93 491 
2 97 489 
2 190 488 
2 196 487 
2 197 485 
2 252 483 
2 286 481 
2 333 480 
2 369 479 
2 420 478 
2 423 477 
2 441 476 
2 12 471 
2 33 470 
2 47 469 
2 165 466 
2 300 494 
2 326 465 
2 482 464 
2 1 497 
2 14 458 
2 21 490 
2 256 457 
2 279 456 
2 299 440 
2 306 436 
2 315 435 
2 322 468 
2 330 428 
2 421 426 
2 454 474 
2 7 461 
2 17 472 
2 86 418 
2 154 417 
2 189 467 
2 212 460 
2 334 459 
2 352 453 
2 358 450 
2 414 446 
2 492 432 
2 11 449 
2 64 447 
2 72 416 
2 73 425 
2 120 444 
2 141 442 
2 156 415 
2 158 413 
2 170 438 
2 182 411 
2 213 437 
2 266 499 
2 301 431 
2 319 429 
2 337 408 
2 410 401 
2 443 427 
2 462 424 
2 484 395 
2 495 486 
2 0 422 
3 38 412 390 
3 48 379 406 
3 52 407 378 
3 108 377 404 
3 111 403 373 
3 113 498 372 
3 155 475 402 
3 166 400 365 
3 210 473 363 
3 221 399 398 
3 234 393 389 
3 261 361 359 
3 264 397 386 
3 298 463 383 
3 310 394 347 
3 329 341 339 
3 350 332 325 
3 371 455 307 
3 376 452 382 
3 434 381 380 
3 448 374 370 
3 451 304 368 
3 5 392 366 
3 15 391 357 
3 19 295 355 
3 20 388 384 
3 34 289 285 
3 60 284 282 
3 61 375 364 
3 147 362 280 
3 175 445 274 
3 181 353 354 
3 187 439 433 
3 193 430 269 
3 199 351 349 
3 208 419 346 
3 219 409 344 
3 231 405 267 
3 236 348 343 
3 240 396 342 
3 249 259 254 
3 258 345 251 
3 271 387 247 
3 273 336 245 
3 277 385 340 
3 288 367 338 
3 292 360 335 
3 311 328 331 
3 320 302 294 
3 324 356 283 
3 3 278 276 
3 6 244 237 
3 8 268 233 
3 10 263 327 
3 13 242 226 
3 18 235 230 
3 23 225 218 
3 24 214 323 
3 31 203 201 
3 55 217 207 
4 65 192 321 318 
4 71 204 200 198 
4 89 188 180 317 
4 90 177 195 316 
4 91 163 186 185 
4 99 162 159 174 
4 105 149 172 314 
4 117 313 312 309 
4 121 139 308 305 
4 123 164 160 153 
4 16 152 151 148 
4 22 144 138 136 
4 25 132 129 128 
4 26 124 119 116 
4 27 115 114 112 
4 29 109 303 297 
4 32 107 296 293 
4 36 106 104 101 
4 40 100 95 92 
4 41 81 80 291 
4 44 79 290 287 
4 45 78 76 70 
4 46 69 66 281 
4 50 59 275 272 
4 54 56 270 265 
4 2 262 260 257 
4 4 255 253 250 
4 9 246 248 243 
4 30 241 239 238 
4 37 232 229 228 
4 39 227 224 223 
4 42 220 222 216 
4 43 215 211 209 
4 49 206 205 202 
4 51 184 194 191 
4 53 183 179 178 
4 57 176 173 171 
4 58 169 168 167 
4 62 161 157 150 
4 63 146 145 143 
4 67 142 140 137 
4 68 135 134 133 
4 74 131 130 127 
4 75 126 125 122 
4 77 110 118 103 
4 82 102 98 96 
4 83 94 88 87 
