1628 
2 5357 8148 
2 5121 9960 
2 6404 9500 
2 421 9950 
2 2589 9800 
2 5913 9696 
2 5583 9991 
2 6255 9927 
2 9906 9474 
2 8785 9972 
2 3629 9964 
2 6584 9981 
2 7710 9851 
2 1737 9816 
2 3987 9985 
2 7529 9869 
2 5231 9879 
2 2094 9670 
2 4386 9990 
2 5796 9884 
2 9487 9556 
2 6735 9742 
2 8197 9744 
2 1756 9963 
2 2584 9475 
2 8754 9560 
2 998 9134 
2 2395 9660 
2 6655 9890 
2 2861 9634 
2 6312 9712 
2 59 9698 
2 7923 9885 
2 7569 9807 
2 7704 9400 
2 5515 9715 
2 9612 9914 
2 6632 9793 
2 7444 8640 
2 8873 9491 
2 7262 9536 
2 8452 9362 
2 2489 9859 
2 7796 9717 
2 5905 9929 
2 398 9736 
2 8407 9745 
2 820 9575 
2 1729 9858 
2 604 9948 
2 6459 8996 
2 9004 9577 
2 1248 9870 
2 7549 9624 
2 7064 9436 
2 4848 9590 
2 5886 9823 
2 8603 9526 
2 8733 9350 
2 8189 9486 
2 8437 9931 
2 9354 9844 
2 9529 9582 
2 6839 9356 
2 9213 9977 
2 1524 9999 
2 4449 9901 
2 4318 9543 
2 4574 9759 
2 5744 9633 
2 9483 9954 
2 4100 9877 
2 6823 9073 
2 3904 9771 
2 4233 8806 
2 3626 9613 
2 7108 9548 
2 8479 9276 
2 5416 5593 
2 9620 9984 
2 1287 9338 
2 2545 9313 
2 6476 8753 
2 9383 9571 
2 4004 9860 
2 3697 9294 
2 1396 9655 
2 9131 9819 
2 5427 9957 
2 4041 9820 
2 370 9227 
2 973 9036 
2 2061 9802 
2 847 9413 
2 3015 7391 
2 2155 9659 
2 4644 7460 
2 4863 9009 
2 9247 9861 
2 7792 9451 
2 6668 9250 
2 3135 8903 
2 4631 9272 
2 2222 9663 
2 1492 9135 
2 9618 9678 
2 2752 9372 
2 5363 9749 
2 7168 9711 
2 2687 9200 
2 2843 9767 
2 5570 9038 
2 44 7586 
2 453 9941 
2 2117 8568 
2 8284 6557 
2 1561 9149 
2 7100 9768 
2 461 9022 
2 3505 9209 
2 8775 9958 
2 9765 9993 
2 1423 9611 
2 3295 9773 
2 4036 8875 
2 2932 9137 
2 8287 9651 
2 1385 9785 
2 6640 8864 
2 8004 8978 
2 8854 8726 
2 3273 9724 
2 5616 6774 
2 8591 9205 
2 3715 9882 
2 2345 9535 
2 2096 9260 
2 5918 9868 
2 6639 9695 
2 9813 9667 
2 674 9105 
2 3420 9002 
2 1556 8994 
2 5090 9225 
2 7936 8021 
2 666 9043 
2 2331 9716 
2 2935 9179 
2 4695 5323 
2 5251 8097 
2 2598 9971 
2 3825 9680 
2 6762 9988 
2 1677 9737 
2 9959 9014 
2 1081 9603 
2 1114 8019 
2 4147 9631 
2 6756 8648 
2 5001 8950 
2 5592 9595 
2 8384 9173 
2 8689 9709 
2 8119 9274 
2 1388 9234 
2 6196 9394 
2 7525 8675 
2 9818 9594 
2 864 9197 
2 5989 9726 
2 683 8617 
2 948 9013 
2 4106 8333 
2 6613 9161 
2 3942 9156 
2 5526 9540 
2 9888 9570 
2 8911 9962 
2 8320 9755 
2 4194 9810 
2 4473 9730 
2 5083 9600 
2 5211 9637 
2 9128 8435 
2 3149 9251 
2 5052 9551 
2 7369 8383 
2 8585 9836 
2 936 8952 
2 2459 9085 
2 2819 9223 
2 7515 9289 
2 8777 8918 
2 132 8498 
2 2968 8756 
2 4670 9848 
2 7819 8853 
2 2246 9995 
2 3484 9679 
2 7577 9003 
2 962 9261 
2 876 8987 
2 7863 8981 
2 8240 9838 
2 8814 9524 
2 2723 9519 
2 7939 8734 
2 7368 8683 
2 752 9096 
2 8837 9846 
2 9256 9692 
2 3457 9776 
2 8991 9721 
2 110 9157 
2 8392 8629 
2 3176 9976 
2 7208 9418 
2 7290 9684 
2 7950 9714 
2 371 9337 
2 2196 9703 
2 2728 8643 
2 7101 9944 
2 684 9876 
2 8636 8293 
2 281 9187 
2 2212 8737 
2 4808 9342 
2 8641 9828 
2 9267 8212 
2 5791 8663 
2 63 9016 
2 2499 7037 
2 6240 9489 
2 5602 9922 
2 9614 8537 
2 714 9222 
2 2475 9398 
2 3656 9094 
2 4090 5324 
2 7259 9029 
2 1101 8326 
2 2064 8177 
2 9019 9864 
2 4916 9423 
2 5651 8572 
2 9894 9048 
2 1013 7951 
2 3678 9047 
2 7834 9656 
2 839 8519 
2 1491 9719 
2 2548 9181 
2 3024 8252 
2 3765 9996 
2 5048 4564 
2 7945 9152 
2 6170 9830 
2 7198 9699 
2 4405 9429 
2 4961 9028 
2 1004 8153 
2 1071 9426 
2 1115 7906 
2 5945 8579 
2 9965 9573 
2 4685 7889 
2 7937 9650 
2 1233 6857 
2 2124 8256 
2 3302 8222 
2 4579 9584 
2 3272 9102 
2 3795 8431 
2 8152 9978 
2 9986 8210 
2 5042 9121 
2 384 9580 
2 2141 7809 
2 3647 8040 
2 6677 9143 
2 7104 9453 
2 9295 9368 
2 1734 8964 
2 2008 8751 
2 2070 7194 
2 7927 8372 
2 4702 9701 
2 5101 7057 
2 6782 8434 
2 7135 8779 
2 854 8900 
2 5773 6361 
2 6495 8815 
2 1707 5794 
2 2115 8746 
2 4430 9549 
2 8058 9365 
2 336 8776 
2 1164 9588 
2 1214 8160 
2 2080 6673 
2 4957 8453 
2 5046 9974 
2 7201 9569 
2 7540 6232 
2 443 9459 
2 2558 8929 
2 2922 9987 
2 4788 7994 
2 4917 6244 
2 5214 9328 
2 7409 8543 
2 8639 9873 
2 1341 8866 
2 7896 7727 
2 8063 7238 
2 3499 9896 
2 5653 8472 
2 7825 9446 
2 49 9210 
2 976 9450 
2 6702 7384 
2 7202 6112 
2 7961 5895 
2 1146 9908 
2 1830 8276 
2 4886 8314 
2 4964 9326 
2 6381 9376 
2 9307 9280 
2 3463 9456 
2 4509 7713 
2 6176 9068 
2 7313 8393 
2 9568 8468 
2 818 6175 
2 82 8438 
2 4983 6017 
2 3792 8028 
2 5295 3566 
2 6107 7215 
2 8612 7036 
2 3047 9578 
2 5772 9617 
2 7595 9507 
2 7757 9015 
2 3607 4747 
2 3940 8516 
2 4135 9895 
2 4874 8328 
2 5982 8423 
2 2727 9122 
2 3096 9166 
2 2228 9952 
2 2274 4314 
2 5713 9564 
2 8338 9718 
2 9305 8183 
2 2964 8562 
2 3896 8712 
2 6252 8637 
2 636 9215 
2 1353 9852 
2 3228 9741 
2 1210 8454 
2 3309 8003 
2 4322 9332 
2 7136 8954 
2 8485 9072 
2 8608 8466 
2 887 8143 
2 5310 9407 
2 7305 9689 
2 1851 7971 
2 3293 9269 
2 4240 8801 
2 6168 8241 
2 7543 8679 
2 71 9599 
2 4406 7733 
2 4925 9078 
2 6550 8161 
2 7516 6426 
2 8322 9198 
2 9433 9238 
2 1988 8632 
2 1203 9853 
2 6935 9799 
2 8745 7554 
2 9129 8264 
2 7551 9111 
2 9866 8677 
2 1671 9597 
2 4940 6637 
2 1955 9691 
2 5625 7803 
2 7145 4495 
2 9795 9761 
2 7 9561 
2 1812 7826 
2 4185 7770 
2 9527 7382 
2 8116 7970 
2 3437 8652 
2 4141 7748 
2 5383 8670 
2 47 9784 
2 4131 9374 
2 5219 9471 
2 7579 9241 
2 594 8299 
2 1322 5610 
2 1450 8263 
2 2456 7363 
2 3114 8653 
2 7326 7978 
2 8465 9214 
2 8851 7697 
2 9552 9880 
2 4167 8642 
2 2259 9538 
2 4235 9390 
2 4637 8863 
2 7359 5829 
2 9 9221 
2 3042 8172 
2 3142 8967 
2 766 9499 
2 1094 9062 
2 1713 4402 
2 7231 7521 
2 1742 7375 
2 4655 8056 
2 5006 9778 
2 5652 9961 
2 1934 5824 
2 3686 8810 
2 7583 9201 
2 9539 9286 
2 9690 9523 
2 532 8215 
2 2686 8722 
2 5873 7659 
2 2962 9892 
2 4074 8682 
2 4561 7221 
2 5494 9468 
2 7715 6289 
2 9525 8861 
2 3844 7500 
2 4657 7917 
2 8803 8238 
2 9263 7594 
2 727 8609 
2 2481 9748 
2 3072 6976 
2 8553 8137 
2 723 9935 
2 1050 7812 
2 1895 9550 
2 4847 7778 
2 7083 9320 
2 4112 6478 
2 4475 9168 
2 6129 5721 
2 6957 9576 
2 2759 7074 
2 3357 6352 
2 4102 7220 
2 7447 7995 
2 8250 8258 
2 8387 6246 
2 9235 7884 
2 9532 9545 
2 9917 7876 
2 62 8671 
2 2982 6248 
2 4374 7724 
2 7088 3775 
2 2293 9806 
2 2736 7003 
2 7196 8176 
2 8736 9361 
2 1946 7406 
2 3519 8956 
2 8332 5239 
2 954 6870 
2 3196 7250 
2 213 2907 
2 7032 9907 
2 7308 7255 
2 7648 8897 
2 8375 9464 
2 859 8828 
2 4320 9220 
2 8010 8198 
2 9196 8714 
2 9946 8430 
2 1591 8397 
2 2045 9192 
2 5163 7624 
2 6547 9092 
2 9063 8524 
3 1418 8845 8985 
3 1724 1584 9887 
3 2726 9246 9862 
3 4076 6794 8872 
3 5777 8938 8793 
3 6882 8889 8808 
3 2060 8449 8773 
3 2342 5530 7931 
3 3337 7983 9636 
3 4619 6733 8129 
3 5904 9752 7581 
3 6611 9626 9770 
3 7725 7880 8789 
3 8193 7118 8108 
3 8767 2364 9644 
3 850 9629 8272 
3 1568 4649 9031 
3 2652 7934 8970 
3 3689 3673 7496 
3 6178 7439 9865 
3 9106 9605 9319 
3 992 9921 9632 
3 2340 8239 9833 
3 5172 7423 9415 
3 9119 9490 8493 
3 2544 9114 8571 
3 3155 8659 8725 
3 8644 8442 9812 
3 1433 8932 8665 
3 4490 8823 9035 
3 4638 5081 9421 
3 4912 9797 9638 
3 4995 7610 9230 
3 9966 9849 9855 
3 1621 8089 8576 
3 2642 6627 9188 
3 3170 8563 9322 
3 3672 7149 6984 
3 6558 9602 9431 
3 9747 6531 8347 
3 586 6419 9555 
3 2085 8432 8567 
3 2749 7286 9837 
3 3648 6715 8398 
3 120 6849 7959 
3 201 7914 8486 
3 3757 8919 8759 
3 5729 9734 9554 
3 8626 9930 8086 
3 9344 5474 7943 
3 3542 7888 7731 
3 3781 6769 8064 
3 5686 9566 8886 
3 6038 9083 9553 
3 6534 8059 8633 
3 6913 9530 8934 
3 7451 6133 9346 
3 7494 7302 8955 
3 7851 7764 7686 
3 8601 8824 9609 
3 2828 9414 8696 
3 3257 6380 9282 
3 4139 8297 8709 
3 7643 8684 6366 
3 6571 2267 9932 
3 8478 6585 4311 
3 774 6273 8530 
3 4550 1422 9604 
3 5931 8650 9863 
3 6567 8067 6581 
3 7148 7696 9323 
3 8138 8625 9534 
3 2628 4573 9635 
3 3889 7536 8593 
3 5156 6365 9140 
3 7464 7186 5449 
3 7545 7966 9380 
3 7814 5389 9336 
3 403 8931 7471 
3 1763 7410 8412 
3 2323 1085 9933 
3 3593 7592 7454 
3 8186 6152 8229 
3 9542 6320 8273 
3 328 9891 9496 
3 676 8168 8382 
3 2862 8715 9327 
3 2870 7415 9920 
3 4150 6203 9159 
3 4244 6662 9194 
3 6134 6188 6674 
3 9302 6058 3506 
3 2795 9359 9158 
3 3112 7603 9321 
3 3376 7204 2911 
3 3475 8305 8426 
3 4058 5939 8618 
3 6537 8895 7813 
3 7862 9751 9557 
3 18 8874 6563 
3 2300 7618 8502 
3 2308 7008 6137 
3 8997 9340 9314 
3 9151 6578 6034 
3 9275 6873 7491 
3 9713 6741 9411 
3 58 8614 9583 
3 4959 5136 9821 
3 6467 8607 8388 
3 6927 7567 8539 
3 7079 8606 7805 
3 8187 4671 7946 
3 8865 7818 6964 
3 9559 9425 9822 
3 1383 7617 9329 
3 2036 8811 9065 
3 2213 7699 8960 
3 2814 7752 7859 
3 4390 5813 8464 
3 4044 8977 7980 
3 5366 6256 8196 
3 7316 5418 8930 
3 8233 6938 7362 
3 8242 6155 8986 
3 8267 7785 8409 
3 9900 9871 9710 
3 3451 5948 7633 
3 3708 9154 9686 
3 3840 7768 9232 
3 3869 8477 8136 
3 8115 7870 8857 
3 4480 8721 6479 
3 8259 6367 7693 
3 1711 9366 8784 
3 5609 8658 7849 
3 6147 5808 9606 
3 6171 6956 8564 
3 7166 4773 8791 
3 7445 7296 7992 
3 7703 8286 4030 
3 8506 8044 6698 
3 9528 5671 4559 
3 446 7839 7721 
3 778 3422 7964 
3 2123 6193 9183 
3 3842 6680 7123 
3 5845 7278 7509 
3 7673 5513 9172 
3 8616 6111 8298 
3 8849 7692 8235 
3 1160 9675 8729 
3 2305 5017 9825 
3 8079 2457 9008 
3 9243 8651 8406 
3 11 9252 7820 
3 1049 7524 8908 
3 1839 9299 8022 
3 1936 4284 9164 
3 2160 7344 7631 
3 3526 6384 9089 
3 3583 5733 8842 
3 5540 8204 8941 
3 8094 7130 8584 
3 245 8342 3838 
3 654 8548 7903 
3 1136 8692 7461 
3 2243 8750 7962 
3 2313 6602 7788 
3 3126 2081 9386 
3 4837 9779 7706 
3 5096 9856 9145 
3 8101 5517 8771 
3 333 7103 7743 
3 1552 8907 7684 
3 2023 5981 7309 
3 6050 9182 8573 
3 6123 2538 8727 
3 6359 6777 8133 
3 8167 7346 8321 
3 1509 7677 9264 
3 3913 3308 6148 
3 5359 7175 8355 
3 7267 9585 8525 
3 7944 5235 2294 
3 9514 8711 7121 
3 2985 8697 7357 
3 3950 6110 6953 
3 7726 7759 5882 
3 8509 7209 5536 
3 687 8425 7957 
3 2944 6752 7898 
3 4551 8123 8877 
3 5854 5250 7553 
3 7385 5902 4104 
3 7953 3368 7761 
3 8036 7466 9502 
3 373 5962 5362 
3 2282 8367 8068 
3 2920 7613 6803 
3 4902 4439 8201 
3 6300 4361 7600 
3 6580 5044 8786 
3 706 6010 9382 
3 1767 8346 8309 
3 2535 5916 9787 
3 3106 5998 8340 
3 3745 7954 7425 
3 4498 6742 9150 
3 5209 6477 7622 
3 6842 8376 8410 
3 7522 2848 8821 
3 1231 9511 8716 
3 1845 9397 8316 
3 3618 4870 6064 
3 3632 6296 7532 
3 3899 7218 3370 
3 6481 7436 7534 
3 65 7095 8035 
3 1427 4352 9270 
3 2674 5909 7152 
3 2817 7443 7559 
3 3253 8898 8686 
3 7922 5441 7965 
3 2203 8363 2216 
3 5665 6370 7634 
3 6060 4522 6506 
3 8348 3834 9165 
3 177 5518 4604 
3 2718 8132 9775 
3 4690 7981 8325 
3 5600 8336 6846 
3 6985 9649 7960 
3 6989 7734 7314 
3 7026 9325 6097 
3 8701 5244 3504 
3 9283 8253 8654 
3 9722 9572 7694 
3 463 8833 7329 
3 7700 6981 9218 
3 9732 5131 7150 
3 9942 1856 7832 
3 593 7972 7675 
3 2994 4977 9070 
3 3002 9843 7190 
3 5622 6149 7320 
3 7756 4093 7116 
3 8026 9443 9488 
3 1359 5875 8766 
3 3083 3891 2105 
3 4151 7155 6063 
3 4965 8834 8804 
3 5919 3730 6711 
3 7920 7319 9498 
3 780 7253 6353 
3 1096 7542 7666 
3 1996 8470 8740 
3 2572 4410 8165 
3 2941 7861 9075 
3 4516 5487 8894 
3 6582 5476 6332 
3 6638 4883 5233 
3 7050 6757 7742 
3 8047 8247 2006 
3 1357 7151 7815 
3 1817 9746 8876 
3 3229 6498 9533 
3 6313 4727 7969 
3 7212 9546 7048 
3 2619 3508 6725 
3 6329 4861 7176 
3 745 7740 9458 
3 522 7875 6093 
3 1336 5559 6208 
3 1372 7330 7275 
3 2571 4200 8859 
3 3485 6540 9333 
3 4137 8527 7430 
3 4951 1464 5676 
3 103 6526 7807 
3 717 7823 6988 
3 2009 4524 7828 
3 2802 8597 8268 
3 3356 3944 9044 
3 4582 9123 7712 
3 6316 5061 8289 
3 6363 6856 9042 
3 8839 6483 6960 
3 251 7153 6920 
3 565 3087 6828 
3 709 4696 8311 
3 1861 9341 6851 
3 2112 6645 5276 
3 4351 5891 9910 
3 67 5785 7925 
3 2647 4043 6612 
3 2351 5849 9754 
3 2905 8032 8456 
3 3443 6389 8310 
3 6994 6800 8141 
3 7119 5644 6263 
3 8199 5803 7388 
3 6 8578 6719 
3 257 9265 6705 
3 645 5378 8523 
3 1340 5013 3482 
3 3089 4989 7924 
3 4259 8702 7878 
3 5793 3214 8694 
3 7629 4859 6022 
3 9124 4331 8144 
3 171 5548 7653 
3 214 8150 7899 
3 1976 2575 7627 
3 2536 4706 1848 
3 5492 4617 8117 
3 7671 7318 8965 
3 332 8940 6524 
3 1202 3769 8206 
3 1510 9419 8103 
3 1787 4038 8879 
3 2095 9968 7688 
3 3379 4565 7556 
3 4884 2776 7789 
3 6415 8673 7340 
3 1344 7499 8015 
3 1701 6342 7841 
3 2162 5503 6972 
3 3496 4511 9086 
3 4134 6738 7642 
3 4293 4875 8031 
3 4357 3557 6228 
3 4477 3808 5368 
3 7489 7777 4703 
3 7911 3050 5769 
3 8947 9271 8379 
3 60 8990 7236 
3 3062 3223 6291 
3 188 8915 8758 
3 1001 1467 7850 
3 1820 5028 6648 
3 2957 2937 6443 
3 4557 3750 7632 
3 4867 3857 9434 
3 5544 1912 9186 
3 6666 3540 3280 
3 8163 1800 7835 
3 8200 7683 7395 
3 8501 2368 8179 
3 8923 1673 7975 
3 9363 8835 8757 
3 750 1883 7758 
3 877 5056 6990 
3 1717 846 9162 
3 5149 6731 6834 
3 5330 3527 7418 
3 6914 1364 7753 
3 8529 5058 3261 
3 1740 4532 6962 
3 1975 145 6600 
3 4222 1429 7580 
3 5236 8707 2185 
3 1505 5970 6852 
3 4711 4527 8732 
3 5332 3892 7274 
3 5991 4079 8411 
3 6297 5563 6699 
3 321 1889 7424 
3 1351 2612 7541 
3 1564 7821 3161 
3 296 7512 8282 
3 924 5462 6739 
3 1249 5170 7371 
3 1965 7475 6340 
3 2245 8487 9608 
3 3120 8134 8084 
3 4572 6146 4456 
3 5529 7647 7349 
3 5758 4474 7426 
3 791 4716 7868 
3 1522 2912 7799 
3 1747 4126 6647 
3 7210 6444 7501 
3 2509 5197 7640 
3 3579 7412 2595 
3 4161 7463 6822 
3 4415 4381 6744 
3 4717 1726 7197 
3 1743 2627 8461 
3 3473 1483 1774 
3 5488 6451 6952 
3 5683 4871 5422 
3 5835 6377 8667 
3 96 6410 9055 
3 767 6192 7665 
3 1061 6965 9126 
3 1714 6309 7223 
3 2043 3518 7110 
3 2265 4650 7523 
3 2573 6052 7616 
3 3655 5278 7557 
3 5074 902 4746 
3 5728 4179 9107 
3 6042 5020 6302 
3 6616 6144 9229 
3 7824 8418 7441 
3 55 4786 6304 
3 301 2585 6630 
3 264 3278 6529 
3 631 1484 7459 
3 1200 7662 8440 
3 1523 6747 7237 
3 2952 5899 4904 
3 3830 3885 6008 
3 3845 3870 6130 
3 5720 2877 6270 
3 197 6336 5994 
3 385 875 7948 
3 773 4997 4839 
3 797 5864 1271 
3 1178 6215 5641 
3 1636 3791 8277 
3 1508 1948 7386 
3 2089 6036 2824 
3 2809 3375 5714 
3 3167 6226 7544 
3 3306 2488 8080 
3 5155 4960 7134 
3 5553 4521 5181 
3 407 6605 9148 
3 2055 3997 7956 
3 3137 3 7510 
3 3978 6198 7087 
3 4367 3271 6766 
3 1476 3367 7744 
3 1810 3691 6517 
3 3905 5174 6727 
3 4600 1853 5387 
3 5375 10 9457 
3 730 1159 2399 
3 278 7678 6180 
3 1228 1587 7602 
3 1998 760 8037 
3 2486 4792 4783 
3 283 1821 6811 
3 2353 1040 7014 
3 3001 4089 6473 
3 5308 2765 1266 
3 6028 5446 9647 
3 85 3728 8862 
3 432 6577 5190 
3 1140 3104 6446 
3 2000 7729 7078 
3 263 529 5972 
3 836 6220 899 
3 884 5941 6693 
3 915 6012 5705 
3 1720 4946 7315 
3 2927 1253 8166 
3 3028 1378 8638 
3 4469 2697 5161 
3 4607 4307 6569 
3 5203 5371 6432 
3 5207 4555 6420 
3 513 2879 6245 
3 995 7990 6746 
3 3022 3692 7596 
3 464 4668 2600 
3 634 1571 2566 
3 1224 1712 8462 
3 1037 1361 6457 
3 1073 970 3412 
3 1681 174 6697 
3 1708 5823 6264 
3 3037 6157 7895 
3 3561 172 5200 
3 3736 56 17 
3 3877 9769 7907 
3 1117 7178 9357 
3 1526 7041 5237 
3 1542 520 5397 
3 1684 4292 6315 
3 1923 1154 7608 
3 2939 1152 6656 
3 3248 6231 6604 
3 3362 3511 6510 
3 137 1116 8244 
3 559 5839 8353 
3 2592 5547 8093 
3 2798 8081 7902 
3 3853 5341 7013 
3 4975 3544 7669 
3 916 3107 3055 
3 1261 1833 6944 
3 297 3973 7526 
3 451 2555 6703 
3 688 7413 7881 
3 738 1819 4771 
3 844 5151 8822 
3 1234 2309 8752 
3 1430 628 6590 
3 1570 5007 7664 
3 1765 4230 6189 
3 2106 6583 4064 
3 3516 4363 7132 
3 3746 5627 5268 
3 3969 4496 7804 
3 4663 4731 4066 
3 208 4725 8139 
3 525 2407 7993 
3 923 1963 7010 
3 1122 480 6685 
3 1601 926 3567 
3 2716 6364 6016 
3 3134 7558 516 
3 5271 931 6373 
3 5649 164 2127 
3 556 139 8413 
3 912 6206 3822 
3 1197 5574 5171 
3 1487 4054 6202 
3 1827 7361 4943 
3 2165 3677 6466 
3 2766 2484 7507 
3 5118 4627 5208 
3 5325 3480 7614 
3 5579 3132 4858 
3 6205 6721 3239 
3 6266 7518 5832 
3 117 6623 7177 
3 2007 5879 6925 
3 2221 6396 6223 
3 2295 1010 6160 
3 2649 3924 5817 
3 3258 2516 5944 
3 4491 1648 7105 
3 4990 3828 6076 
3 1589 3674 7434 
3 211 2804 4856 
3 87 1943 7963 
4 642 1620 7791 8075 
4 1015 206 160 7216 
4 1825 3914 7365 7333 
4 2590 3912 6963 7667 
4 2836 6102 8202 9375 
4 3029 2872 7800 6959 
4 3276 1876 4504 8511 
4 3932 2732 4880 9239 
4 656 28 8517 8880 
4 2125 1866 5043 6331 
4 2811 1632 6398 6748 
4 3608 1847 6700 8009 
4 178 1735 6095 4312 
4 289 3573 5164 9301 
4 597 900 5146 9406 
4 590 6350 8006 4898 
4 1056 3558 4653 7273 
4 1311 5815 7490 6812 
4 1393 3092 4982 9171 
4 2226 2999 4308 7636 
4 4170 2854 9091 7639 
4 834 2705 4537 6814 
4 1129 6053 6328 6796 
4 1205 2190 6452 8975 
4 124 1994 5134 7140 
4 151 1877 7565 5812 
4 307 689 6778 8135 
4 1260 6306 5836 4255 
4 53 7432 8180 5505 
4 1718 2241 4922 5041 
4 1874 1888 6574 5400 
4 3895 7374 5019 8731 
4 4933 1642 6046 8728 
4 5094 4656 8447 7479 
4 142 7219 7356 8797 
4 236 1837 6649 6983 
4 290 2020 7096 7091 
4 589 6932 2751 6629 
4 1562 5901 6229 7043 
4 2091 4865 4877 6620 
4 2428 1282 3553 8961 
4 3980 735 6942 5763 
4 4055 4857 5804 5429 
4 4611 4661 5125 8698 
4 4814 6676 6227 5966 
4 1704 1445 5584 8602 
4 1884 6514 5947 8002 
4 4442 1406 5950 4804 
4 253 540 6726 5897 
4 2490 6651 5106 6484 
4 3297 648 5776 4775 
4 4091 8043 4855 7695 
4 4592 7090 4419 8491 
4 4636 3498 8401 7060 
4 4692 6628 5566 4217 
4 4774 6490 4099 8561 
4 5710 3531 4339 6087 
4 362 2806 7307 8613 
4 1440 3882 4736 6917 
4 2254 6827 6421 8968 
4 2565 6326 622 6254 
4 2887 6436 7991 6586 
4 3654 5489 5860 8860 
4 3802 489 7252 6770 
4 3839 1339 6596 9506 
4 3945 5035 358 8374 
4 4187 2461 5457 7251 
4 4506 1598 6184 5128 
4 4926 7530 5467 7228 
4 898 2400 5178 6456 
4 1023 5898 4953 2634 
4 1595 7310 5168 4882 
4 534 5908 5173 6671 
4 1332 5336 4489 3849 
4 1533 33 5896 4914 
4 1723 5724 4046 4595 
4 2320 5355 4801 6973 
4 4412 4057 7555 3883 
4 5205 4879 6351 6279 
4 147 3906 3760 4549 
4 210 2783 7387 4488 
4 404 7419 7674 6405 
4 960 2375 1471 7206 
4 146 4720 6528 8061 
4 909 3595 5240 8542 
4 1609 6243 6922 6635 
4 3323 5556 7877 7281 
4 3718 2260 4679 5958 
4 4375 4478 3887 5097 
4 2381 5920 4286 6242 
4 2389 1529 5451 5771 
4 2462 5496 5157 2533 
4 3145 5633 5040 3894 
4 3704 7689 5917 5611 
4 4011 5522 2074 4892 
4 4639 7249 6522 7427 
4 4766 5756 3841 6958 
4 5086 396 6357 8500 
4 5551 7230 3939 2469 
4 737 6784 4026 6259 
4 1021 6015 3806 4841 
4 2398 3983 7672 7502 
4 2401 5869 5863 5511 
4 2874 3559 8027 4554 
4 3244 5856 6225 7069 
4 3582 5531 4206 6005 
4 3617 4452 3615 8049 
4 150 3339 5881 4407 
4 1512 5865 3188 7921 
4 1922 4907 7480 3933 
4 1930 4823 7663 6118 
4 2129 3352 7397 4031 
4 3153 4467 4826 6831 
4 3299 7984 2953 9060 
4 39 4887 4400 9682 
4 198 4202 4688 5586 
4 635 3724 4750 6701 
4 835 3121 2949 3578 
4 1952 5461 2388 5885 
4 3371 5380 6887 4623 
4 3966 3985 4992 3226 
4 5085 3749 5850 6805 
4 5255 4790 848 7024 
4 1090 2191 7751 6678 
4 1886 3563 6636 6692 
4 32 6903 1961 1649 
4 359 4340 3031 4605 
4 512 4640 4016 9311 
4 804 4208 2891 6253 
4 947 6681 4052 7129 
4 3075 3811 7018 6560 
4 711 5047 2702 5573 
4 1507 3428 3203 3439 
4 1822 5657 2506 6125 
4 2134 6724 1840 6713 
4 3129 3322 6864 3903 
4 3136 5615 4279 5510 
4 3564 3020 2467 9297 
4 4124 4215 6809 5957 
4 4704 3011 6492 4095 
4 45 4514 6818 3281 
4 149 3517 3743 2531 
4 678 2924 3318 6740 
4 1347 2277 2062 8220 
4 1761 6659 3127 6544 
4 170 4465 1668 5345 
4 300 3991 4659 3875 
4 1100 2707 3012 4578 
4 1256 3694 6448 4842 
4 2148 3818 7170 6463 
4 2167 3641 2786 6595 
4 2343 2278 4228 5409 
4 0 2024 7457 2412 
4 313 6553 793 9367 
4 849 1382 3681 3570 
4 471 2198 2337 1593 
4 611 5954 3347 6664 
4 1047 1411 6576 4562 
4 1908 5751 5606 3021 
4 2495 5277 2983 3587 
4 2672 1199 6890 9100 
4 4335 5166 4949 8870 
4 4708 1174 1106 6417 
4 1044 1157 3972 5370 
4 1179 708 562 8417 
4 1181 2601 2296 6356 
4 1569 541 3809 5643 
4 2367 433 5951 8110 
4 2875 2881 2956 2169 
4 514 1616 4291 3147 
4 825 2025 3547 5413 
4 1381 6280 2059 1453 
4 204 355 1318 5399 
4 608 5730 5212 3773 
4 889 5082 6761 3038 
4 968 6275 2297 6323 
4 1400 6051 3657 4001 
4 1751 4000 3078 2754 
4 1768 3926 802 4811 
4 2120 4958 4358 4248 
4 3105 4359 3543 2237 
4 70 5872 3748 4791 
4 465 5198 4097 8546 
4 1012 3311 4298 3402 
4 1409 6161 1983 4447 
4 1535 4742 4188 4451 
4 2159 3235 68 4164 
4 2329 3004 3274 5800 
4 2437 2746 2785 2101 
4 2954 4092 7407 6843 
4 3330 6844 7094 8645 
4 3596 1640 2685 7882 
4 234 6003 5986 2402 
4 240 2578 1650 6494 
4 530 1062 2762 3097 
4 919 456 6450 5577 
4 955 5191 6915 6430 
4 1321 2661 6197 5266 
4 1843 431 2604 2591 
4 2033 6835 956 4246 
4 131 2193 4796 5379 
4 270 430 183 3316 
4 97 4534 3431 6294 
4 372 6824 4267 5398 
4 500 1939 2741 2683 
4 620 1750 4245 7786 
4 978 6565 6127 6258 
4 1330 6121 4047 7247 
4 136 4301 3679 2582 
4 439 3956 2610 5343 
4 673 1546 2307 5391 
4 1036 5482 5628 2199 
4 1259 5752 3364 4173 
4 1744 6471 2028 3509 
4 1980 2977 5959 6210 
4 2072 5245 5719 7938 
4 2632 24 5631 4646 
4 885 4942 4155 4693 
4 1475 1755 5731 4669 
4 1519 4798 5066 3396 
4 1796 4221 3590 5313 
4 2102 3212 2772 2335 
4 2514 2713 1778 5148 
4 2694 5732 457 2333 
4 37 5666 725 2442 
4 86 1538 3581 4932 
4 1279 1536 1371 5132 
4 1694 4777 4994 6414 
4 2207 756 1951 2793 
4 3060 602 6311 4996 
4 3344 5024 3555 7163 
4 3793 4635 2669 6035 
4 4238 4502 3246 2328 
4 4387 4069 1426 4487 
4 458 487 168 5558 
4 335 34 6104 5672 
4 2144 4596 5702 4553 
4 2149 801 1009 6897 
4 2210 3789 1959 1835 
4 2596 842 1220 4078 
4 2608 3651 3123 1898 
4 2903 4434 3233 1504 
4 3052 4399 5443 5770 
4 3141 462 392 8868 
4 3951 840 5346 1986 
4 4116 31 644 2304 
4 221 2892 5026 5316 
4 40 2859 1806 6541 
4 1161 4787 4689 1754 
4 1678 2837 1688 2215 
4 502 4567 115 1288 
4 739 2950 1869 1891 
4 78 1043 3665 4144 
4 152 639 615 5401 
4 325 613 229 896 
4 343 511 2164 4767 
4 393 402 4969 5736 
4 726 2472 3621 6023 
4 953 4723 4662 4501 
4 1080 2898 1452 1058 
4 1165 2242 4398 5980 
4 1377 1979 1807 6425 
4 13 3698 30 3949 
4 20 2137 2629 3263 
4 252 3515 1892 1296 
4 305 2527 3747 185 
4 413 4249 123 473 
4 467 3902 1286 3407 
4 579 1270 2002 2668 
4 640 1167 2432 3099 
4 76 2929 1194 2781 
4 153 2529 1201 4910 
4 477 1084 4328 2453 
4 860 1590 1502 7127 
4 57 1793 1516 7085 
4 346 2358 868 858 
4 740 2232 2019 4176 
4 193 1953 459 365 
4 293 3761 3930 5104 
4 395 1586 3449 6126 
4 414 1549 1369 6993 
4 649 568 3911 225 
4 83 444 23 5064 
4 937 3146 675 5834 
4 949 554 5373 5199 
4 1276 2799 16 5175 
4 1416 3332 5059 4935 
4 982 3174 4713 2390 
4 1031 2303 2047 6002 
4 1032 3880 3824 3513 
4 1118 1532 3125 2712 
4 1250 1527 2671 2422 
4 1514 2264 2143 1618 
4 499 1606 1027 6899 
4 94 5831 6669 7400 
4 576 6472 6090 6078 
4 1110 5471 5098 5442 
4 1132 5077 4840 3812 
4 1669 4558 4482 5621 
4 1865 4156 3355 4694 
4 1978 4546 4325 4094 
4 2235 4197 2466 2240 
4 2570 2946 1699 906 
4 1639 2220 2205 2046 
4 22 5613 5460 753 
4 101 2136 1653 4628 
4 143 5189 4479 6407 
4 419 5140 1086 4149 
4 1137 5903 7233 7059 
4 1192 4172 558 417 
4 1212 3884 3878 7117 
4 1313 3664 3324 3265 
4 1849 2730 2549 2234 
4 381 6520 6261 3807 
4 550 5598 3965 4193 
4 796 6132 6096 8534 
4 1127 4088 3744 3721 
4 1170 5523 5253 5246 
4 1461 5426 7289 7065 
4 1480 5234 4894 9011 
4 1488 4918 3927 6233 
4 1656 4818 3584 6301 
4 2016 4599 4394 7795 
4 2268 4196 4678 3521 
4 2289 4136 5599 3424 
4 2417 3873 3782 2852 
4 159 4630 4613 3888 
4 219 3783 6497 7546 
4 472 3442 3334 3017 
4 828 3300 3262 3401 
4 1093 3817 2731 3941 
4 1172 3491 7298 7229 
4 1624 3381 3131 2560 
4 1783 2951 3312 2987 
4 2406 2775 2334 2068 
4 2444 2621 2750 5294 
4 133 1985 2711 3712 
4 217 2554 5594 3860 
4 279 1867 5725 4986 
4 845 2281 7019 6904 
4 893 1814 3862 3610 
4 1404 3539 3445 2722 
4 1627 1665 2065 5481 
4 218 1836 1801 1904 
4 610 1781 1899 5187 
4 1208 1221 6409 5514 
4 401 1646 2173 2087 
4 651 1935 5952 5848 
4 669 1184 990 8780 
4 89 4981 4544 6307 
4 545 1928 1683 6068 
4 934 4538 6513 6387 
4 1292 4529 1299 4906 
4 1638 4428 5192 4948 
4 1716 3947 5122 3209 
4 2184 1130 977 6213 
4 2326 3929 4833 5825 
4 2376 3411 5741 5658 
4 2464 3216 3124 3208 
4 2947 3085 3076 4163 
4 144 827 771 4392 
4 163 757 3580 4337 
4 249 292 5718 2689 
4 207 3115 2990 2577 
4 304 2835 2567 3859 
4 894 2480 3893 5663 
4 930 2463 5183 4939 
4 1120 3541 5578 3784 
4 1138 3313 5550 2435 
4 1469 2057 2344 2318 
4 1870 2050 2022 5779 
4 157 2011 5612 3327 
4 199 1331 1209 5534 
4 241 691 618 3353 
4 288 316 5424 6085 
4 287 3186 4709 5694 
4 356 3178 5410 6500 
4 643 5329 2201 1700 
4 728 4634 4621 5977 
4 865 2564 2227 2179 
4 108 5254 1661 1615 
4 616 5206 5182 4598 
4 819 4508 1563 2878 
4 862 5060 4789 4726 
4 1227 4714 4143 3798 
4 1277 4468 4518 2550 
4 1574 4355 3536 3438 
4 1652 4226 5833 5699 
4 1841 3425 1479 8592 
4 1958 3753 4211 2382 
4 1971 3006 2841 2563 
4 2288 2805 2239 2163 
4 2418 1809 1495 3213 
4 186 867 784 5844 
4 425 733 4403 2586 
4 226 1376 800 769 
4 347 378 4290 5356 
4 348 3917 2152 1685 
4 128 2470 2356 3821 
4 189 1993 4979 4810 
4 383 1403 2451 3247 
4 719 1099 2498 5051 
4 789 2012 1949 4950 
4 349 1909 4734 6853 
4 415 1788 1494 1235 
4 441 2483 4675 4664 
4 633 1868 4633 8164 
4 958 1196 1131 7399 
4 203 1799 1679 1284 
4 291 1230 1188 2384 
4 361 1180 1119 4461 
4 703 863 831 4632 
4 4 2035 1818 1732 
4 280 1611 1335 1323 
4 388 1105 7322 8778 
4 405 935 7092 4369 
4 509 782 693 5210 
4 200 4344 4330 4107 
4 227 3922 3639 4273 
4 258 4254 3787 3389 
4 268 3394 2789 7736 
4 922 2579 3386 7847 
4 1046 2378 6434 6371 
4 1074 2324 3292 7547 
4 1111 2942 2541 2405 
4 1133 1135 2386 4220 
4 318 2373 2311 2086 
4 376 1987 3866 5073 
4 662 1553 3819 6187 
4 811 1029 6158 5327 
4 983 5177 5005 4978 
4 173 4425 4371 4651 
4 342 3827 3756 7606 
4 491 3385 3199 8770 
4 741 2715 2676 2508 
4 794 2410 2030 3008 
4 409 2883 7408 4972 
4 621 2825 7393 7276 
4 872 1992 1918 4435 
4 1534 4323 3935 8570 
4 69 3799 8535 7741 
4 148 3794 7264 4891 
4 195 7243 7590 7483 
4 821 3267 8507 4890 
4 917 3225 2934 2747 
4 984 1969 1897 4732 
4 1045 1705 1554 8405 
4 1063 1439 1415 9521 
4 1206 1329 8395 8361 
4 312 7165 8224 7075 
4 435 7093 8142 4577 
4 437 7033 6499 8114 
4 483 7915 8038 8045 
4 508 6480 7793 8011 
4 605 6234 3984 7864 
4 652 6174 7588 7416 
4 901 5979 5883 5853 
4 1610 5840 7942 6902 
4 1731 5470 7172 7097 
4 2166 5361 5265 5167 
4 2172 6901 6614 7187 
4 2427 5045 4807 4535 
4 2503 4356 6841 3879 
4 2803 4260 4237 7883 
4 2873 4214 4103 4032 
4 2884 3620 7077 8635 
4 3058 3474 6675 6411 
4 3144 3466 3227 3530 
4 179 6654 6077 7856 
4 194 5745 5508 6308 
4 987 5350 3476 8556 
4 1305 5340 4860 4822 
4 1654 4758 4372 7578 
4 2330 4224 3636 7045 
4 2425 2996 2500 3082 
4 111 2769 7561 7098 
4 118 2556 2206 2170 
4 184 1142 596 6156 
4 192 303 209 7086 
4 478 6141 5993 6937 
4 482 6128 5557 5983 
4 729 5906 6833 6720 
4 1614 5279 5107 7730 
4 1728 5067 5747 6682 
4 1831 5696 4952 7017 
4 2520 4724 4523 6607 
4 3044 4376 4285 6559 
4 3189 4175 3777 8494 
4 121 3727 3717 3716 
4 230 6177 8159 7550 
4 274 3493 5504 5483 
4 908 2974 2812 4899 
4 1485 2808 2771 2512 
4 1517 4699 4470 4232 
4 1695 2485 7533 9189 
4 1972 3685 2098 2039 
4 156 1625 6545 6429 
4 781 1496 1350 6428 
4 61 9296 9007 8924 
4 256 6265 7404 7102 
4 311 5870 5727 5617 
4 424 5533 5304 5213 
4 507 4845 4333 4098 
4 574 4063 7337 7248 
4 833 3635 2827 8555 
4 1177 2602 2532 2272 
4 1226 2271 7068 7584 
4 1283 2110 6971 8850 
4 1749 1937 8473 7514 
4 81 6026 5938 8441 
4 428 5783 5382 8541 
4 682 5377 5262 5260 
4 795 5158 5023 6859 
4 866 4980 4966 8190 
4 1006 4913 4876 4588 
4 1171 4440 4427 4297 
4 1326 3690 3307 6848 
4 1501 7929 7833 7830 
4 1513 3108 7711 8085 
4 1634 3059 3053 7453 
4 1696 3023 2657 6799 
4 1753 2447 7682 9204 
4 1804 2298 2231 7367 
4 1917 7292 7139 8001 
4 1984 7138 7030 7022 
4 406 6998 7067 9720 
4 538 6551 6617 6412 
4 803 6539 6257 6533 
4 903 6293 6237 6098 
4 959 6075 5907 6519 
4 1166 5754 6393 8508 
4 1622 6021 5910 5632 
4 1703 5480 5008 4305 
4 1789 4262 3993 3469 
4 2252 3268 5926 5900 
4 182 5585 5472 4770 
4 1275 4591 3846 7985 
4 1307 3534 3361 3266 
4 1762 3205 5693 9146 
4 1932 2900 9024 8344 
4 2310 2673 2583 2393 
4 2357 5281 5010 9101 
4 603 4923 7658 9059 
4 658 4893 4851 7822 
4 668 4843 4830 7574 
4 1149 7071 8554 8118 
4 1191 4793 4453 4283 
4 1824 4060 7000 6961 
4 2138 4048 4019 8318 
4 2645 3963 3854 8334 
4 3154 3705 3416 6643 
4 3286 6454 6222 8098 
4 25 6040 8231 8000 
4 224 5640 5430 7890 
4 275 5100 7222 6792 
4 341 7852 7782 8109 
4 452 4911 4571 6923 
4 698 4236 3994 3810 
4 921 3803 3611 8034 
4 1190 3591 6862 7504 
4 1612 3382 6592 6509 
4 1770 3169 2961 7488 
4 1878 2928 7261 6163 
4 2026 2899 2664 6334 
4 2385 2546 6290 7011 
4 27 6850 6772 6516 
4 54 6195 6185 5949 
4 238 6119 6031 9050 
4 319 5838 5828 6491 
4 468 5809 5538 4691 
4 526 4009 6391 6283 
4 582 3990 3719 6199 
4 659 3696 5635 5549 
4 746 3619 3523 3454 
4 886 2709 5386 4821 
4 972 2662 2656 7183 
4 1302 2280 2153 4525 
4 1775 4209 3754 5859 
4 180 3413 3156 2980 
4 412 2525 2038 1873 
4 999 5778 5697 5257 
4 1134 5227 5014 4987 
4 1316 1777 4705 7042 
4 1667 4581 7005 6631 
4 379 4556 5820 5619 
